# JRE version: Java(TM) SE Runtime Environment (8.0_211-b12) (build 1.8.0_211-b12)
# Java VM: Java HotSpot(TM) 64-Bit Server VM (25.211-b12 mixed mode windows-amd64 compressed oops)
Heap:
 PSYoungGen      total 213504K, used 174555K [0x00000000e0a00000, 0x00000000f2400000, 0x0000000100000000)
  eden space 186880K, 93% used [0x00000000e0a00000,0x00000000eb476e00,0x00000000ec080000)
  from space 26624K, 0% used [0x00000000ec080000,0x00000000ec080000,0x00000000eda80000)
  to   space 25600K, 0% used [0x00000000f0b00000,0x00000000f0b00000,0x00000000f2400000)
 ParOldGen       total 144384K, used 49934K [0x00000000a1e00000, 0x00000000aab00000, 0x00000000e0a00000)
  object space 144384K, 34% used [0x00000000a1e00000,0x00000000a4ec38b0,0x00000000aab00000)
 Metaspace       used 74292K, capacity 75987K, committed 76032K, reserved 1116160K
  class space    used 8756K, capacity 9174K, committed 9216K, reserved 1048576K
GC Heap History (10 events):
Event: 7.641 GC heap before
{Heap before GC invocations=10 (full 1):
 PSYoungGen      total 154624K, used 19275K [0x00000000e0a00000, 0x00000000ede00000, 0x0000000100000000)
  eden space 143872K, 5% used [0x00000000e0a00000,0x00000000e12564c0,0x00000000e9680000)
  from space 10752K, 99% used [0x00000000ed380000,0x00000000eddfc960,0x00000000ede00000)
  to   space 17408K, 0% used [0x00000000ebc00000,0x00000000ebc00000,0x00000000ecd00000)
 ParOldGen       total 56832K, used 27229K [0x00000000a1e00000, 0x00000000a5580000, 0x00000000e0a00000)
  object space 56832K, 47% used [0x00000000a1e00000,0x00000000a3897668,0x00000000a5580000)
 Metaspace       used 34404K, capacity 35262K, committed 35416K, reserved 1081344K
  class space    used 4063K, capacity 4321K, committed 4352K, reserved 1048576K
Event: 7.654 GC heap after
Heap after GC invocations=10 (full 1):
 PSYoungGen      total 199680K, used 11730K [0x00000000e0a00000, 0x00000000eeb80000, 0x0000000100000000)
  eden space 182272K, 0% used [0x00000000e0a00000,0x00000000e0a00000,0x00000000ebc00000)
  from space 17408K, 67% used [0x00000000ebc00000,0x00000000ec7749e8,0x00000000ecd00000)
  to   space 17408K, 0% used [0x00000000eda80000,0x00000000eda80000,0x00000000eeb80000)
 ParOldGen       total 56832K, used 27301K [0x00000000a1e00000, 0x00000000a5580000, 0x00000000e0a00000)
  object space 56832K, 48% used [0x00000000a1e00000,0x00000000a38a9678,0x00000000a5580000)
 Metaspace       used 34404K, capacity 35262K, committed 35416K, reserved 1081344K
  class space    used 4063K, capacity 4321K, committed 4352K, reserved 1048576K
}
Event: 7.654 GC heap before
{Heap before GC invocations=11 (full 2):
 PSYoungGen      total 199680K, used 11730K [0x00000000e0a00000, 0x00000000eeb80000, 0x0000000100000000)
  eden space 182272K, 0% used [0x00000000e0a00000,0x00000000e0a00000,0x00000000ebc00000)
  from space 17408K, 67% used [0x00000000ebc00000,0x00000000ec7749e8,0x00000000ecd00000)
  to   space 17408K, 0% used [0x00000000eda80000,0x00000000eda80000,0x00000000eeb80000)
 ParOldGen       total 56832K, used 27301K [0x00000000a1e00000, 0x00000000a5580000, 0x00000000e0a00000)
  object space 56832K, 48% used [0x00000000a1e00000,0x00000000a38a9678,0x00000000a5580000)
 Metaspace       used 34404K, capacity 35262K, committed 35416K, reserved 1081344K
  class space    used 4063K, capacity 4321K, committed 4352K, reserved 1048576K
Event: 7.734 GC heap after
Heap after GC invocations=11 (full 2):
 PSYoungGen      total 199680K, used 0K [0x00000000e0a00000, 0x00000000eeb80000, 0x0000000100000000)
  eden space 182272K, 0% used [0x00000000e0a00000,0x00000000e0a00000,0x00000000ebc00000)
  from space 17408K, 0% used [0x00000000ebc00000,0x00000000ebc00000,0x00000000ecd00000)
  to   space 17408K, 0% used [0x00000000eda80000,0x00000000eda80000,0x00000000eeb80000)
 ParOldGen       total 91648K, used 26795K [0x00000000a1e00000, 0x00000000a7780000, 0x00000000e0a00000)
  object space 91648K, 29% used [0x00000000a1e00000,0x00000000a382aea8,0x00000000a7780000)
 Metaspace       used 34404K, capacity 35262K, committed 35416K, reserved 1081344K
  class space    used 4063K, capacity 4321K, committed 4352K, reserved 1048576K
}
Event: 11.706 GC heap before
{Heap before GC invocations=12 (full 2):
 PSYoungGen      total 199680K, used 182272K [0x00000000e0a00000, 0x00000000eeb80000, 0x0000000100000000)
  eden space 182272K, 100% used [0x00000000e0a00000,0x00000000ebc00000,0x00000000ebc00000)
  from space 17408K, 0% used [0x00000000ebc00000,0x00000000ebc00000,0x00000000ecd00000)
  to   space 17408K, 0% used [0x00000000eda80000,0x00000000eda80000,0x00000000eeb80000)
 ParOldGen       total 91648K, used 26795K [0x00000000a1e00000, 0x00000000a7780000, 0x00000000e0a00000)
  object space 91648K, 29% used [0x00000000a1e00000,0x00000000a382aea8,0x00000000a7780000)
 Metaspace       used 53171K, capacity 54325K, committed 54656K, reserved 1097728K
  class space    used 6666K, capacity 6959K, committed 7040K, reserved 1048576K
Event: 11.749 GC heap after
Heap after GC invocations=12 (full 2):
 PSYoungGen      total 204288K, used 17387K [0x00000000e0a00000, 0x00000000f2180000, 0x0000000100000000)
  eden space 186880K, 0% used [0x00000000e0a00000,0x00000000e0a00000,0x00000000ec080000)
  from space 17408K, 99% used [0x00000000eda80000,0x00000000eeb7aed8,0x00000000eeb80000)
  to   space 26624K, 0% used [0x00000000ec080000,0x00000000ec080000,0x00000000eda80000)
 ParOldGen       total 91648K, used 45309K [0x00000000a1e00000, 0x00000000a7780000, 0x00000000e0a00000)
  object space 91648K, 49% used [0x00000000a1e00000,0x00000000a4a3f6a8,0x00000000a7780000)
 Metaspace       used 53171K, capacity 54325K, committed 54656K, reserved 1097728K
  class space    used 6666K, capacity 6959K, committed 7040K, reserved 1048576K
}
Event: 13.035 GC heap before
{Heap before GC invocations=13 (full 2):
 PSYoungGen      total 204288K, used 88080K [0x00000000e0a00000, 0x00000000f2180000, 0x0000000100000000)
  eden space 186880K, 37% used [0x00000000e0a00000,0x00000000e4f092b0,0x00000000ec080000)
  from space 17408K, 99% used [0x00000000eda80000,0x00000000eeb7aed8,0x00000000eeb80000)
  to   space 26624K, 0% used [0x00000000ec080000,0x00000000ec080000,0x00000000eda80000)
 ParOldGen       total 91648K, used 45309K [0x00000000a1e00000, 0x00000000a7780000, 0x00000000e0a00000)
  object space 91648K, 49% used [0x00000000a1e00000,0x00000000a4a3f6a8,0x00000000a7780000)
 Metaspace       used 57557K, capacity 58723K, committed 59008K, reserved 1101824K
  class space    used 7126K, capacity 7434K, committed 7552K, reserved 1048576K
Event: 13.054 GC heap after
Heap after GC invocations=13 (full 2):
 PSYoungGen      total 213504K, used 9221K [0x00000000e0a00000, 0x00000000f2400000, 0x0000000100000000)
  eden space 186880K, 0% used [0x00000000e0a00000,0x00000000e0a00000,0x00000000ec080000)
  from space 26624K, 34% used [0x00000000ec080000,0x00000000ec981510,0x00000000eda80000)
  to   space 25600K, 0% used [0x00000000f0b00000,0x00000000f0b00000,0x00000000f2400000)
 ParOldGen       total 91648K, used 62447K [0x00000000a1e00000, 0x00000000a7780000, 0x00000000e0a00000)
  object space 91648K, 68% used [0x00000000a1e00000,0x00000000a5afbf20,0x00000000a7780000)
 Metaspace       used 57557K, capacity 58723K, committed 59008K, reserved 1101824K
  class space    used 7126K, capacity 7434K, committed 7552K, reserved 1048576K
}
Event: 13.055 GC heap before
{Heap before GC invocations=14 (full 3):
 PSYoungGen      total 213504K, used 9221K [0x00000000e0a00000, 0x00000000f2400000, 0x0000000100000000)
  eden space 186880K, 0% used [0x00000000e0a00000,0x00000000e0a00000,0x00000000ec080000)
  from space 26624K, 34% used [0x00000000ec080000,0x00000000ec981510,0x00000000eda80000)
  to   space 25600K, 0% used [0x00000000f0b00000,0x00000000f0b00000,0x00000000f2400000)
 ParOldGen       total 91648K, used 62447K [0x00000000a1e00000, 0x00000000a7780000, 0x00000000e0a00000)
  object space 91648K, 68% used [0x00000000a1e00000,0x00000000a5afbf20,0x00000000a7780000)
 Metaspace       used 57557K, capacity 58723K, committed 59008K, reserved 1101824K
  class space    used 7126K, capacity 7434K, committed 7552K, reserved 1048576K
Event: 13.234 GC heap after
Heap after GC invocations=14 (full 3):
 PSYoungGen      total 213504K, used 0K [0x00000000e0a00000, 0x00000000f2400000, 0x0000000100000000)
  eden space 186880K, 0% used [0x00000000e0a00000,0x00000000e0a00000,0x00000000ec080000)
  from space 26624K, 0% used [0x00000000ec080000,0x00000000ec080000,0x00000000eda80000)
  to   space 25600K, 0% used [0x00000000f0b00000,0x00000000f0b00000,0x00000000f2400000)
 ParOldGen       total 144384K, used 49934K [0x00000000a1e00000, 0x00000000aab00000, 0x00000000e0a00000)
  object space 144384K, 34% used [0x00000000a1e00000,0x00000000a4ec38b0,0x00000000aab00000)
 Metaspace       used 57557K, capacity 58723K, committed 59008K, reserved 1101824K
  class space    used 7126K, capacity 7434K, committed 7552K, reserved 1048576K
}

