# JRE version: Java(TM) SE Runtime Environment (8.0_211-b12) (build 1.8.0_211-b12)
# Java VM: Java HotSpot(TM) 64-Bit Server VM (25.211-b12 mixed mode windows-amd64 compressed oops)
Heap:
 PSYoungGen      total 207872K, used 170869K [0x00000000e0a00000, 0x00000000f1d80000, 0x0000000100000000)
  eden space 181248K, 94% used [0x00000000e0a00000,0x00000000eb0dd6d8,0x00000000ebb00000)
  from space 26624K, 0% used [0x00000000ebb00000,0x00000000ebb00000,0x00000000ed500000)
  to   space 25600K, 0% used [0x00000000f0480000,0x00000000f0480000,0x00000000f1d80000)
 ParOldGen       total 147968K, used 50230K [0x00000000a1e00000, 0x00000000aae80000, 0x00000000e0a00000)
  object space 147968K, 33% used [0x00000000a1e00000,0x00000000a4f0d9e8,0x00000000aae80000)
 Metaspace       used 74306K, capacity 76015K, committed 76288K, reserved 1116160K
  class space    used 8755K, capacity 9174K, committed 9216K, reserved 1048576K
GC Heap History (10 events):
Event: 7.402 GC heap before
{Heap before GC invocations=10 (full 1):
 PSYoungGen      total 150528K, used 16748K [0x00000000e0a00000, 0x00000000ee000000, 0x0000000100000000)
  eden space 139264K, 3% used [0x00000000e0a00000,0x00000000e0f5fc58,0x00000000e9200000)
  from space 11264K, 99% used [0x00000000ed500000,0x00000000edffb418,0x00000000ee000000)
  to   space 17920K, 0% used [0x00000000ebd00000,0x00000000ebd00000,0x00000000ece80000)
 ParOldGen       total 59904K, used 27738K [0x00000000a1e00000, 0x00000000a5880000, 0x00000000e0a00000)
  object space 59904K, 46% used [0x00000000a1e00000,0x00000000a39168b8,0x00000000a5880000)
 Metaspace       used 34461K, capacity 35262K, committed 35416K, reserved 1081344K
  class space    used 4066K, capacity 4321K, committed 4352K, reserved 1048576K
Event: 7.411 GC heap after
Heap after GC invocations=10 (full 1):
 PSYoungGen      total 201216K, used 12008K [0x00000000e0a00000, 0x00000000ee680000, 0x0000000100000000)
  eden space 183296K, 0% used [0x00000000e0a00000,0x00000000e0a00000,0x00000000ebd00000)
  from space 17920K, 67% used [0x00000000ebd00000,0x00000000ec8ba1f0,0x00000000ece80000)
  to   space 17920K, 0% used [0x00000000ed500000,0x00000000ed500000,0x00000000ee680000)
 ParOldGen       total 59904K, used 27746K [0x00000000a1e00000, 0x00000000a5880000, 0x00000000e0a00000)
  object space 59904K, 46% used [0x00000000a1e00000,0x00000000a39188b8,0x00000000a5880000)
 Metaspace       used 34461K, capacity 35262K, committed 35416K, reserved 1081344K
  class space    used 4066K, capacity 4321K, committed 4352K, reserved 1048576K
}
Event: 7.411 GC heap before
{Heap before GC invocations=11 (full 2):
 PSYoungGen      total 201216K, used 12008K [0x00000000e0a00000, 0x00000000ee680000, 0x0000000100000000)
  eden space 183296K, 0% used [0x00000000e0a00000,0x00000000e0a00000,0x00000000ebd00000)
  from space 17920K, 67% used [0x00000000ebd00000,0x00000000ec8ba1f0,0x00000000ece80000)
  to   space 17920K, 0% used [0x00000000ed500000,0x00000000ed500000,0x00000000ee680000)
 ParOldGen       total 59904K, used 27746K [0x00000000a1e00000, 0x00000000a5880000, 0x00000000e0a00000)
  object space 59904K, 46% used [0x00000000a1e00000,0x00000000a39188b8,0x00000000a5880000)
 Metaspace       used 34461K, capacity 35262K, committed 35416K, reserved 1081344K
  class space    used 4066K, capacity 4321K, committed 4352K, reserved 1048576K
Event: 7.492 GC heap after
Heap after GC invocations=11 (full 2):
 PSYoungGen      total 201216K, used 0K [0x00000000e0a00000, 0x00000000ee680000, 0x0000000100000000)
  eden space 183296K, 0% used [0x00000000e0a00000,0x00000000e0a00000,0x00000000ebd00000)
  from space 17920K, 0% used [0x00000000ebd00000,0x00000000ebd00000,0x00000000ece80000)
  to   space 17920K, 0% used [0x00000000ed500000,0x00000000ed500000,0x00000000ee680000)
 ParOldGen       total 92160K, used 25124K [0x00000000a1e00000, 0x00000000a7800000, 0x00000000e0a00000)
  object space 92160K, 27% used [0x00000000a1e00000,0x00000000a36891f0,0x00000000a7800000)
 Metaspace       used 34461K, capacity 35262K, committed 35416K, reserved 1081344K
  class space    used 4066K, capacity 4321K, committed 4352K, reserved 1048576K
}
Event: 11.375 GC heap before
{Heap before GC invocations=12 (full 2):
 PSYoungGen      total 201216K, used 183296K [0x00000000e0a00000, 0x00000000ee680000, 0x0000000100000000)
  eden space 183296K, 100% used [0x00000000e0a00000,0x00000000ebd00000,0x00000000ebd00000)
  from space 17920K, 0% used [0x00000000ebd00000,0x00000000ebd00000,0x00000000ece80000)
  to   space 17920K, 0% used [0x00000000ed500000,0x00000000ed500000,0x00000000ee680000)
 ParOldGen       total 92160K, used 25124K [0x00000000a1e00000, 0x00000000a7800000, 0x00000000e0a00000)
  object space 92160K, 27% used [0x00000000a1e00000,0x00000000a36891f0,0x00000000a7800000)
 Metaspace       used 52906K, capacity 53979K, committed 54400K, reserved 1097728K
  class space    used 6625K, capacity 6916K, committed 7040K, reserved 1048576K
Event: 11.408 GC heap after
Heap after GC invocations=12 (full 2):
 PSYoungGen      total 199168K, used 17915K [0x00000000e0a00000, 0x00000000f2380000, 0x0000000100000000)
  eden space 181248K, 0% used [0x00000000e0a00000,0x00000000e0a00000,0x00000000ebb00000)
  from space 17920K, 99% used [0x00000000ed500000,0x00000000ee67ed38,0x00000000ee680000)
  to   space 26624K, 0% used [0x00000000ebb00000,0x00000000ebb00000,0x00000000ed500000)
 ParOldGen       total 92160K, used 42645K [0x00000000a1e00000, 0x00000000a7800000, 0x00000000e0a00000)
  object space 92160K, 46% used [0x00000000a1e00000,0x00000000a47a5468,0x00000000a7800000)
 Metaspace       used 52906K, capacity 53979K, committed 54400K, reserved 1097728K
  class space    used 6625K, capacity 6916K, committed 7040K, reserved 1048576K
}
Event: 12.501 GC heap before
{Heap before GC invocations=13 (full 2):
 PSYoungGen      total 199168K, used 90354K [0x00000000e0a00000, 0x00000000f2380000, 0x0000000100000000)
  eden space 181248K, 39% used [0x00000000e0a00000,0x00000000e50bdb68,0x00000000ebb00000)
  from space 17920K, 99% used [0x00000000ed500000,0x00000000ee67ed38,0x00000000ee680000)
  to   space 26624K, 0% used [0x00000000ebb00000,0x00000000ebb00000,0x00000000ed500000)
 ParOldGen       total 92160K, used 42645K [0x00000000a1e00000, 0x00000000a7800000, 0x00000000e0a00000)
  object space 92160K, 46% used [0x00000000a1e00000,0x00000000a47a5468,0x00000000a7800000)
 Metaspace       used 57621K, capacity 58737K, committed 59008K, reserved 1101824K
  class space    used 7127K, capacity 7435K, committed 7552K, reserved 1048576K
Event: 12.521 GC heap after
Heap after GC invocations=13 (full 2):
 PSYoungGen      total 207872K, used 9681K [0x00000000e0a00000, 0x00000000f1d80000, 0x0000000100000000)
  eden space 181248K, 0% used [0x00000000e0a00000,0x00000000e0a00000,0x00000000ebb00000)
  from space 26624K, 36% used [0x00000000ebb00000,0x00000000ec4745e0,0x00000000ed500000)
  to   space 25600K, 0% used [0x00000000f0480000,0x00000000f0480000,0x00000000f1d80000)
 ParOldGen       total 92160K, used 59644K [0x00000000a1e00000, 0x00000000a7800000, 0x00000000e0a00000)
  object space 92160K, 64% used [0x00000000a1e00000,0x00000000a583f3f8,0x00000000a7800000)
 Metaspace       used 57621K, capacity 58737K, committed 59008K, reserved 1101824K
  class space    used 7127K, capacity 7435K, committed 7552K, reserved 1048576K
}
Event: 12.521 GC heap before
{Heap before GC invocations=14 (full 3):
 PSYoungGen      total 207872K, used 9681K [0x00000000e0a00000, 0x00000000f1d80000, 0x0000000100000000)
  eden space 181248K, 0% used [0x00000000e0a00000,0x00000000e0a00000,0x00000000ebb00000)
  from space 26624K, 36% used [0x00000000ebb00000,0x00000000ec4745e0,0x00000000ed500000)
  to   space 25600K, 0% used [0x00000000f0480000,0x00000000f0480000,0x00000000f1d80000)
 ParOldGen       total 92160K, used 59644K [0x00000000a1e00000, 0x00000000a7800000, 0x00000000e0a00000)
  object space 92160K, 64% used [0x00000000a1e00000,0x00000000a583f3f8,0x00000000a7800000)
 Metaspace       used 57621K, capacity 58737K, committed 59008K, reserved 1101824K
  class space    used 7127K, capacity 7435K, committed 7552K, reserved 1048576K
Event: 12.783 GC heap after
Heap after GC invocations=14 (full 3):
 PSYoungGen      total 207872K, used 0K [0x00000000e0a00000, 0x00000000f1d80000, 0x0000000100000000)
  eden space 181248K, 0% used [0x00000000e0a00000,0x00000000e0a00000,0x00000000ebb00000)
  from space 26624K, 0% used [0x00000000ebb00000,0x00000000ebb00000,0x00000000ed500000)
  to   space 25600K, 0% used [0x00000000f0480000,0x00000000f0480000,0x00000000f1d80000)
 ParOldGen       total 147968K, used 50230K [0x00000000a1e00000, 0x00000000aae80000, 0x00000000e0a00000)
  object space 147968K, 33% used [0x00000000a1e00000,0x00000000a4f0d9e8,0x00000000aae80000)
 Metaspace       used 57621K, capacity 58737K, committed 59008K, reserved 1101824K
  class space    used 7127K, capacity 7435K, committed 7552K, reserved 1048576K
}

