# JRE version: Java(TM) SE Runtime Environment (8.0_211-b12) (build 1.8.0_211-b12)
# Java VM: Java HotSpot(TM) 64-Bit Server VM (25.211-b12 mixed mode windows-amd64 compressed oops)
Heap:
 PSYoungGen      total 228864K, used 176063K [0x00000000e0a00000, 0x00000000f3600000, 0x0000000100000000)
  eden space 201728K, 87% used [0x00000000e0a00000,0x00000000eb5efdf0,0x00000000ecf00000)
  from space 27136K, 0% used [0x00000000ecf00000,0x00000000ecf00000,0x00000000ee980000)
  to   space 26112K, 0% used [0x00000000f1c80000,0x00000000f1c80000,0x00000000f3600000)
 ParOldGen       total 143360K, used 49965K [0x00000000a1e00000, 0x00000000aaa00000, 0x00000000e0a00000)
  object space 143360K, 34% used [0x00000000a1e00000,0x00000000a4ecb7a0,0x00000000aaa00000)
 Metaspace       used 74270K, capacity 75947K, committed 76032K, reserved 1116160K
  class space    used 8753K, capacity 9174K, committed 9216K, reserved 1048576K
GC Heap History (10 events):
Event: 6.303 GC heap before
{Heap before GC invocations=10 (full 1):
 PSYoungGen      total 159744K, used 17136K [0x00000000e0a00000, 0x00000000edf00000, 0x0000000100000000)
  eden space 148480K, 3% used [0x00000000e0a00000,0x00000000e0fbcd70,0x00000000e9b00000)
  from space 11264K, 99% used [0x00000000ed400000,0x00000000edeff438,0x00000000edf00000)
  to   space 17920K, 0% used [0x00000000ebc00000,0x00000000ebc00000,0x00000000ecd80000)
 ParOldGen       total 56832K, used 27632K [0x00000000a1e00000, 0x00000000a5580000, 0x00000000e0a00000)
  object space 56832K, 48% used [0x00000000a1e00000,0x00000000a38fc310,0x00000000a5580000)
 Metaspace       used 34502K, capacity 35262K, committed 35416K, reserved 1081344K
  class space    used 4073K, capacity 4321K, committed 4352K, reserved 1048576K
Event: 6.312 GC heap after
Heap after GC invocations=10 (full 1):
 PSYoungGen      total 200192K, used 12082K [0x00000000e0a00000, 0x00000000efb00000, 0x0000000100000000)
  eden space 182272K, 0% used [0x00000000e0a00000,0x00000000e0a00000,0x00000000ebc00000)
  from space 17920K, 67% used [0x00000000ebc00000,0x00000000ec7cc8a8,0x00000000ecd80000)
  to   space 17920K, 0% used [0x00000000ee980000,0x00000000ee980000,0x00000000efb00000)
 ParOldGen       total 56832K, used 27704K [0x00000000a1e00000, 0x00000000a5580000, 0x00000000e0a00000)
  object space 56832K, 48% used [0x00000000a1e00000,0x00000000a390e320,0x00000000a5580000)
 Metaspace       used 34502K, capacity 35262K, committed 35416K, reserved 1081344K
  class space    used 4073K, capacity 4321K, committed 4352K, reserved 1048576K
}
Event: 6.312 GC heap before
{Heap before GC invocations=11 (full 2):
 PSYoungGen      total 200192K, used 12082K [0x00000000e0a00000, 0x00000000efb00000, 0x0000000100000000)
  eden space 182272K, 0% used [0x00000000e0a00000,0x00000000e0a00000,0x00000000ebc00000)
  from space 17920K, 67% used [0x00000000ebc00000,0x00000000ec7cc8a8,0x00000000ecd80000)
  to   space 17920K, 0% used [0x00000000ee980000,0x00000000ee980000,0x00000000efb00000)
 ParOldGen       total 56832K, used 27704K [0x00000000a1e00000, 0x00000000a5580000, 0x00000000e0a00000)
  object space 56832K, 48% used [0x00000000a1e00000,0x00000000a390e320,0x00000000a5580000)
 Metaspace       used 34502K, capacity 35262K, committed 35416K, reserved 1081344K
  class space    used 4073K, capacity 4321K, committed 4352K, reserved 1048576K
Event: 6.412 GC heap after
Heap after GC invocations=11 (full 2):
 PSYoungGen      total 200192K, used 0K [0x00000000e0a00000, 0x00000000efb00000, 0x0000000100000000)
  eden space 182272K, 0% used [0x00000000e0a00000,0x00000000e0a00000,0x00000000ebc00000)
  from space 17920K, 0% used [0x00000000ebc00000,0x00000000ebc00000,0x00000000ecd80000)
  to   space 17920K, 0% used [0x00000000ee980000,0x00000000ee980000,0x00000000efb00000)
 ParOldGen       total 88576K, used 25264K [0x00000000a1e00000, 0x00000000a7480000, 0x00000000e0a00000)
  object space 88576K, 28% used [0x00000000a1e00000,0x00000000a36ac1f8,0x00000000a7480000)
 Metaspace       used 34502K, capacity 35262K, committed 35416K, reserved 1081344K
  class space    used 4073K, capacity 4321K, committed 4352K, reserved 1048576K
}
Event: 9.563 GC heap before
{Heap before GC invocations=12 (full 2):
 PSYoungGen      total 200192K, used 182272K [0x00000000e0a00000, 0x00000000efb00000, 0x0000000100000000)
  eden space 182272K, 100% used [0x00000000e0a00000,0x00000000ebc00000,0x00000000ebc00000)
  from space 17920K, 0% used [0x00000000ebc00000,0x00000000ebc00000,0x00000000ecd80000)
  to   space 17920K, 0% used [0x00000000ee980000,0x00000000ee980000,0x00000000efb00000)
 ParOldGen       total 88576K, used 25264K [0x00000000a1e00000, 0x00000000a7480000, 0x00000000e0a00000)
  object space 88576K, 28% used [0x00000000a1e00000,0x00000000a36ac1f8,0x00000000a7480000)
 Metaspace       used 53227K, capacity 54361K, committed 54656K, reserved 1097728K
  class space    used 6674K, capacity 6991K, committed 7040K, reserved 1048576K
Event: 9.600 GC heap after
Heap after GC invocations=12 (full 2):
 PSYoungGen      total 219648K, used 17912K [0x00000000e0a00000, 0x00000000f2200000, 0x0000000100000000)
  eden space 201728K, 0% used [0x00000000e0a00000,0x00000000e0a00000,0x00000000ecf00000)
  from space 17920K, 99% used [0x00000000ee980000,0x00000000efafe170,0x00000000efb00000)
  to   space 27136K, 0% used [0x00000000ecf00000,0x00000000ecf00000,0x00000000ee980000)
 ParOldGen       total 88576K, used 43399K [0x00000000a1e00000, 0x00000000a7480000, 0x00000000e0a00000)
  object space 88576K, 48% used [0x00000000a1e00000,0x00000000a4861dc0,0x00000000a7480000)
 Metaspace       used 53227K, capacity 54361K, committed 54656K, reserved 1097728K
  class space    used 6674K, capacity 6991K, committed 7040K, reserved 1048576K
}
Event: 10.511 GC heap before
{Heap before GC invocations=13 (full 2):
 PSYoungGen      total 219648K, used 89982K [0x00000000e0a00000, 0x00000000f2200000, 0x0000000100000000)
  eden space 201728K, 35% used [0x00000000e0a00000,0x00000000e5061a58,0x00000000ecf00000)
  from space 17920K, 99% used [0x00000000ee980000,0x00000000efafe170,0x00000000efb00000)
  to   space 27136K, 0% used [0x00000000ecf00000,0x00000000ecf00000,0x00000000ee980000)
 ParOldGen       total 88576K, used 43399K [0x00000000a1e00000, 0x00000000a7480000, 0x00000000e0a00000)
  object space 88576K, 48% used [0x00000000a1e00000,0x00000000a4861dc0,0x00000000a7480000)
 Metaspace       used 57655K, capacity 58745K, committed 59008K, reserved 1101824K
  class space    used 7133K, capacity 7437K, committed 7552K, reserved 1048576K
Event: 10.528 GC heap after
Heap after GC invocations=13 (full 2):
 PSYoungGen      total 228864K, used 9152K [0x00000000e0a00000, 0x00000000f3600000, 0x0000000100000000)
  eden space 201728K, 0% used [0x00000000e0a00000,0x00000000e0a00000,0x00000000ecf00000)
  from space 27136K, 33% used [0x00000000ecf00000,0x00000000ed7f0248,0x00000000ee980000)
  to   space 26112K, 0% used [0x00000000f1c80000,0x00000000f1c80000,0x00000000f3600000)
 ParOldGen       total 88576K, used 60644K [0x00000000a1e00000, 0x00000000a7480000, 0x00000000e0a00000)
  object space 88576K, 68% used [0x00000000a1e00000,0x00000000a5939248,0x00000000a7480000)
 Metaspace       used 57655K, capacity 58745K, committed 59008K, reserved 1101824K
  class space    used 7133K, capacity 7437K, committed 7552K, reserved 1048576K
}
Event: 10.528 GC heap before
{Heap before GC invocations=14 (full 3):
 PSYoungGen      total 228864K, used 9152K [0x00000000e0a00000, 0x00000000f3600000, 0x0000000100000000)
  eden space 201728K, 0% used [0x00000000e0a00000,0x00000000e0a00000,0x00000000ecf00000)
  from space 27136K, 33% used [0x00000000ecf00000,0x00000000ed7f0248,0x00000000ee980000)
  to   space 26112K, 0% used [0x00000000f1c80000,0x00000000f1c80000,0x00000000f3600000)
 ParOldGen       total 88576K, used 60644K [0x00000000a1e00000, 0x00000000a7480000, 0x00000000e0a00000)
  object space 88576K, 68% used [0x00000000a1e00000,0x00000000a5939248,0x00000000a7480000)
 Metaspace       used 57655K, capacity 58745K, committed 59008K, reserved 1101824K
  class space    used 7133K, capacity 7437K, committed 7552K, reserved 1048576K
Event: 10.769 GC heap after
Heap after GC invocations=14 (full 3):
 PSYoungGen      total 228864K, used 0K [0x00000000e0a00000, 0x00000000f3600000, 0x0000000100000000)
  eden space 201728K, 0% used [0x00000000e0a00000,0x00000000e0a00000,0x00000000ecf00000)
  from space 27136K, 0% used [0x00000000ecf00000,0x00000000ecf00000,0x00000000ee980000)
  to   space 26112K, 0% used [0x00000000f1c80000,0x00000000f1c80000,0x00000000f3600000)
 ParOldGen       total 143360K, used 49965K [0x00000000a1e00000, 0x00000000aaa00000, 0x00000000e0a00000)
  object space 143360K, 34% used [0x00000000a1e00000,0x00000000a4ecb7a0,0x00000000aaa00000)
 Metaspace       used 57655K, capacity 58745K, committed 59008K, reserved 1101824K
  class space    used 7133K, capacity 7437K, committed 7552K, reserved 1048576K
}

